2025-07-20 21:18:37,464 [Worker-7: Loading available Gradle versions] INFO  o.e.b.c.i.u.g.PublishedGradleVersions - Gradle version information cache is not available. Remote download required.
2025-08-09 08:54:53,964 [Worker-5: Loading available Gradle versions] INFO  o.e.b.c.i.u.g.PublishedGradleVersions - Gradle version information cache is out-of-date. Trying to update.
2025-08-09 15:30:22,381 [Worker-135: Importing Maven projects] INFO  o.e.m.c.i.l.LifecycleMappingFactory - Using org.eclipse.m2e.jdt.JarLifecycleMapping lifecycle mapping for MavenProject: com.bookstore:Bookstore:0.0.1-SNAPSHOT @ C:\Users\docnd\OneDrive\Desktop\eCommerce\Bookstore\pom.xml.
2025-08-09 15:30:25,093 [Worker-135: Importing Maven projects] INFO  o.e.m.j.i.AbstractJavaProjectConfigurator - Adding source folder /Bookstore/src/main/java
2025-08-09 15:30:25,099 [Worker-135: Importing Maven projects] INFO  o.e.m.j.i.AbstractJavaProjectConfigurator - Adding resource folder /Bookstore/src/main/resources
2025-08-09 15:30:25,100 [Worker-135: Importing Maven projects] INFO  o.e.m.j.i.AbstractJavaProjectConfigurator - Adding resource folder /Bookstore/src/main/resources
2025-08-09 15:30:25,101 [Worker-135: Importing Maven projects] INFO  o.e.m.j.i.AbstractJavaProjectConfigurator - Adding source folder /Bookstore/src/test/java
2025-08-09 15:30:25,102 [Worker-135: Importing Maven projects] INFO  o.e.m.j.i.AbstractJavaProjectConfigurator - Adding resource folder /Bookstore/src/test/resources
2025-08-09 15:30:25,729 [Worker-135: Importing Maven projects] INFO  o.e.m.c.i.p.ProjectConfigurationManager - Imported and configured 1 project(s) in 4 sec
2025-08-09 15:30:27,166 [Worker-134: Building] INFO  o.a.m.s.f.DefaultMavenResourcesFiltering - Copying 1 resource from src\main\resources to target\classes
2025-08-09 15:30:27,181 [Worker-134: Building] INFO  o.a.m.s.f.DefaultMavenResourcesFiltering - Copying 37 resources from src\main\resources to target\classes
2025-08-09 15:30:27,247 [Worker-134: Building] INFO  o.a.m.s.f.DefaultMavenResourcesFiltering - skip non existing resourceDirectory C:\Users\docnd\OneDrive\Desktop\eCommerce\Bookstore\src\test\resources
2025-08-09 15:32:19,573 [Worker-139: Launching Executing test in C__Users_docnd_OneDrive_Desktop_eCommerce_Bookstore] INFO  o.eclipse.m2e.core.internal.Bundles - getClasspathEntries(Bundle=org.eclipse.m2e.maven.runtime_3.9.900.20250220-2013 [640])
2025-08-09 15:32:19,575 [Worker-139: Launching Executing test in C__Users_docnd_OneDrive_Desktop_eCommerce_Bookstore] INFO  o.eclipse.m2e.core.internal.Bundles - 	Entry: C:\Eclipse\eclipse\plugins\org.eclipse.m2e.maven.runtime_3.9.900.20250220-2013
2025-08-09 15:32:19,575 [Worker-139: Launching Executing test in C__Users_docnd_OneDrive_Desktop_eCommerce_Bookstore] INFO  o.eclipse.m2e.core.internal.Bundles - 	Entry: C:\Eclipse\eclipse\plugins\org.eclipse.m2e.maven.runtime_3.9.900.20250220-2013\jars\aopalliance-1.0.jar
2025-08-09 15:32:19,575 [Worker-139: Launching Executing test in C__Users_docnd_OneDrive_Desktop_eCommerce_Bookstore] INFO  o.eclipse.m2e.core.internal.Bundles - 	Entry: C:\Eclipse\eclipse\plugins\org.eclipse.m2e.maven.runtime_3.9.900.20250220-2013\jars\guice-5.1.0.jar
2025-08-09 15:32:19,575 [Worker-139: Launching Executing test in C__Users_docnd_OneDrive_Desktop_eCommerce_Bookstore] INFO  o.eclipse.m2e.core.internal.Bundles - 	Entry: C:\Eclipse\eclipse\plugins\org.eclipse.m2e.maven.runtime_3.9.900.20250220-2013\jars\httpclient-4.5.14.jar
2025-08-09 15:32:19,575 [Worker-139: Launching Executing test in C__Users_docnd_OneDrive_Desktop_eCommerce_Bookstore] INFO  o.eclipse.m2e.core.internal.Bundles - 	Entry: C:\Eclipse\eclipse\plugins\org.eclipse.m2e.maven.runtime_3.9.900.20250220-2013\jars\httpcore-4.4.16.jar
2025-08-09 15:32:19,575 [Worker-139: Launching Executing test in C__Users_docnd_OneDrive_Desktop_eCommerce_Bookstore] INFO  o.eclipse.m2e.core.internal.Bundles - 	Entry: C:\Eclipse\eclipse\plugins\org.eclipse.m2e.maven.runtime_3.9.900.20250220-2013\jars\jansi-2.4.1.jar
2025-08-09 15:32:19,575 [Worker-139: Launching Executing test in C__Users_docnd_OneDrive_Desktop_eCommerce_Bookstore] INFO  o.eclipse.m2e.core.internal.Bundles - 	Entry: C:\Eclipse\eclipse\plugins\org.eclipse.m2e.maven.runtime_3.9.900.20250220-2013\jars\jcl-over-slf4j-1.7.36.jar
2025-08-09 15:32:19,575 [Worker-139: Launching Executing test in C__Users_docnd_OneDrive_Desktop_eCommerce_Bookstore] INFO  o.eclipse.m2e.core.internal.Bundles - 	Entry: C:\Eclipse\eclipse\plugins\org.eclipse.m2e.maven.runtime_3.9.900.20250220-2013\jars\maven-artifact-3.9.9.jar
2025-08-09 15:32:19,575 [Worker-139: Launching Executing test in C__Users_docnd_OneDrive_Desktop_eCommerce_Bookstore] INFO  o.eclipse.m2e.core.internal.Bundles - 	Entry: C:\Eclipse\eclipse\plugins\org.eclipse.m2e.maven.runtime_3.9.900.20250220-2013\jars\maven-builder-support-3.9.9.jar
2025-08-09 15:32:19,575 [Worker-139: Launching Executing test in C__Users_docnd_OneDrive_Desktop_eCommerce_Bookstore] INFO  o.eclipse.m2e.core.internal.Bundles - 	Entry: C:\Eclipse\eclipse\plugins\org.eclipse.m2e.maven.runtime_3.9.900.20250220-2013\jars\maven-compat-3.9.9.jar
2025-08-09 15:32:19,575 [Worker-139: Launching Executing test in C__Users_docnd_OneDrive_Desktop_eCommerce_Bookstore] INFO  o.eclipse.m2e.core.internal.Bundles - 	Entry: C:\Eclipse\eclipse\plugins\org.eclipse.m2e.maven.runtime_3.9.900.20250220-2013\jars\maven-core-3.9.9.jar
2025-08-09 15:32:19,575 [Worker-139: Launching Executing test in C__Users_docnd_OneDrive_Desktop_eCommerce_Bookstore] INFO  o.eclipse.m2e.core.internal.Bundles - 	Entry: C:\Eclipse\eclipse\plugins\org.eclipse.m2e.maven.runtime_3.9.900.20250220-2013\jars\maven-embedder-3.9.9.jar
2025-08-09 15:32:19,576 [Worker-139: Launching Executing test in C__Users_docnd_OneDrive_Desktop_eCommerce_Bookstore] INFO  o.eclipse.m2e.core.internal.Bundles - 	Entry: C:\Eclipse\eclipse\plugins\org.eclipse.m2e.maven.runtime_3.9.900.20250220-2013\jars\maven-model-3.9.9.jar
2025-08-09 15:32:19,576 [Worker-139: Launching Executing test in C__Users_docnd_OneDrive_Desktop_eCommerce_Bookstore] INFO  o.eclipse.m2e.core.internal.Bundles - 	Entry: C:\Eclipse\eclipse\plugins\org.eclipse.m2e.maven.runtime_3.9.900.20250220-2013\jars\maven-model-builder-3.9.9.jar
2025-08-09 15:32:19,576 [Worker-139: Launching Executing test in C__Users_docnd_OneDrive_Desktop_eCommerce_Bookstore] INFO  o.eclipse.m2e.core.internal.Bundles - 	Entry: C:\Eclipse\eclipse\plugins\org.eclipse.m2e.maven.runtime_3.9.900.20250220-2013\jars\maven-plugin-api-3.9.9.jar
2025-08-09 15:32:19,576 [Worker-139: Launching Executing test in C__Users_docnd_OneDrive_Desktop_eCommerce_Bookstore] INFO  o.eclipse.m2e.core.internal.Bundles - 	Entry: C:\Eclipse\eclipse\plugins\org.eclipse.m2e.maven.runtime_3.9.900.20250220-2013\jars\maven-repository-metadata-3.9.9.jar
2025-08-09 15:32:19,576 [Worker-139: Launching Executing test in C__Users_docnd_OneDrive_Desktop_eCommerce_Bookstore] INFO  o.eclipse.m2e.core.internal.Bundles - 	Entry: C:\Eclipse\eclipse\plugins\org.eclipse.m2e.maven.runtime_3.9.900.20250220-2013\jars\maven-resolver-api-1.9.22.jar
2025-08-09 15:32:19,576 [Worker-139: Launching Executing test in C__Users_docnd_OneDrive_Desktop_eCommerce_Bookstore] INFO  o.eclipse.m2e.core.internal.Bundles - 	Entry: C:\Eclipse\eclipse\plugins\org.eclipse.m2e.maven.runtime_3.9.900.20250220-2013\jars\maven-resolver-connector-basic-1.9.22.jar
2025-08-09 15:32:19,576 [Worker-139: Launching Executing test in C__Users_docnd_OneDrive_Desktop_eCommerce_Bookstore] INFO  o.eclipse.m2e.core.internal.Bundles - 	Entry: C:\Eclipse\eclipse\plugins\org.eclipse.m2e.maven.runtime_3.9.900.20250220-2013\jars\maven-resolver-impl-1.9.22.jar
2025-08-09 15:32:19,576 [Worker-139: Launching Executing test in C__Users_docnd_OneDrive_Desktop_eCommerce_Bookstore] INFO  o.eclipse.m2e.core.internal.Bundles - 	Entry: C:\Eclipse\eclipse\plugins\org.eclipse.m2e.maven.runtime_3.9.900.20250220-2013\jars\maven-resolver-named-locks-1.9.22.jar
2025-08-09 15:32:19,576 [Worker-139: Launching Executing test in C__Users_docnd_OneDrive_Desktop_eCommerce_Bookstore] INFO  o.eclipse.m2e.core.internal.Bundles - 	Entry: C:\Eclipse\eclipse\plugins\org.eclipse.m2e.maven.runtime_3.9.900.20250220-2013\jars\maven-resolver-provider-3.9.9.jar
2025-08-09 15:32:19,576 [Worker-139: Launching Executing test in C__Users_docnd_OneDrive_Desktop_eCommerce_Bookstore] INFO  o.eclipse.m2e.core.internal.Bundles - 	Entry: C:\Eclipse\eclipse\plugins\org.eclipse.m2e.maven.runtime_3.9.900.20250220-2013\jars\maven-resolver-spi-1.9.22.jar
2025-08-09 15:32:19,576 [Worker-139: Launching Executing test in C__Users_docnd_OneDrive_Desktop_eCommerce_Bookstore] INFO  o.eclipse.m2e.core.internal.Bundles - 	Entry: C:\Eclipse\eclipse\plugins\org.eclipse.m2e.maven.runtime_3.9.900.20250220-2013\jars\maven-resolver-transport-file-1.9.22.jar
2025-08-09 15:32:19,577 [Worker-139: Launching Executing test in C__Users_docnd_OneDrive_Desktop_eCommerce_Bookstore] INFO  o.eclipse.m2e.core.internal.Bundles - 	Entry: C:\Eclipse\eclipse\plugins\org.eclipse.m2e.maven.runtime_3.9.900.20250220-2013\jars\maven-resolver-transport-http-1.9.22.jar
2025-08-09 15:32:19,577 [Worker-139: Launching Executing test in C__Users_docnd_OneDrive_Desktop_eCommerce_Bookstore] INFO  o.eclipse.m2e.core.internal.Bundles - 	Entry: C:\Eclipse\eclipse\plugins\org.eclipse.m2e.maven.runtime_3.9.900.20250220-2013\jars\maven-resolver-transport-wagon-1.9.22.jar
2025-08-09 15:32:19,577 [Worker-139: Launching Executing test in C__Users_docnd_OneDrive_Desktop_eCommerce_Bookstore] INFO  o.eclipse.m2e.core.internal.Bundles - 	Entry: C:\Eclipse\eclipse\plugins\org.eclipse.m2e.maven.runtime_3.9.900.20250220-2013\jars\maven-resolver-util-1.9.22.jar
2025-08-09 15:32:19,577 [Worker-139: Launching Executing test in C__Users_docnd_OneDrive_Desktop_eCommerce_Bookstore] INFO  o.eclipse.m2e.core.internal.Bundles - 	Entry: C:\Eclipse\eclipse\plugins\org.eclipse.m2e.maven.runtime_3.9.900.20250220-2013\jars\maven-settings-3.9.9.jar
2025-08-09 15:32:19,577 [Worker-139: Launching Executing test in C__Users_docnd_OneDrive_Desktop_eCommerce_Bookstore] INFO  o.eclipse.m2e.core.internal.Bundles - 	Entry: C:\Eclipse\eclipse\plugins\org.eclipse.m2e.maven.runtime_3.9.900.20250220-2013\jars\maven-settings-builder-3.9.9.jar
2025-08-09 15:32:19,577 [Worker-139: Launching Executing test in C__Users_docnd_OneDrive_Desktop_eCommerce_Bookstore] INFO  o.eclipse.m2e.core.internal.Bundles - 	Entry: C:\Eclipse\eclipse\plugins\org.eclipse.m2e.maven.runtime_3.9.900.20250220-2013\jars\maven-shared-utils-3.4.2.jar
2025-08-09 15:32:19,577 [Worker-139: Launching Executing test in C__Users_docnd_OneDrive_Desktop_eCommerce_Bookstore] INFO  o.eclipse.m2e.core.internal.Bundles - 	Entry: C:\Eclipse\eclipse\plugins\org.eclipse.m2e.maven.runtime_3.9.900.20250220-2013\jars\org.eclipse.sisu.inject-0.9.0.M3.jar
2025-08-09 15:32:19,577 [Worker-139: Launching Executing test in C__Users_docnd_OneDrive_Desktop_eCommerce_Bookstore] INFO  o.eclipse.m2e.core.internal.Bundles - 	Entry: C:\Eclipse\eclipse\plugins\org.eclipse.m2e.maven.runtime_3.9.900.20250220-2013\jars\org.eclipse.sisu.plexus-0.9.0.M3.jar
2025-08-09 15:32:19,577 [Worker-139: Launching Executing test in C__Users_docnd_OneDrive_Desktop_eCommerce_Bookstore] INFO  o.eclipse.m2e.core.internal.Bundles - 	Entry: C:\Eclipse\eclipse\plugins\org.eclipse.m2e.maven.runtime_3.9.900.20250220-2013\jars\plexus-build-api-0.0.7.jar
2025-08-09 15:32:19,577 [Worker-139: Launching Executing test in C__Users_docnd_OneDrive_Desktop_eCommerce_Bookstore] INFO  o.eclipse.m2e.core.internal.Bundles - 	Entry: C:\Eclipse\eclipse\plugins\org.eclipse.m2e.maven.runtime_3.9.900.20250220-2013\jars\plexus-build-api-1.2.0.jar
2025-08-09 15:32:19,577 [Worker-139: Launching Executing test in C__Users_docnd_OneDrive_Desktop_eCommerce_Bookstore] INFO  o.eclipse.m2e.core.internal.Bundles - 	Entry: C:\Eclipse\eclipse\plugins\org.eclipse.m2e.maven.runtime_3.9.900.20250220-2013\jars\plexus-cipher-2.0.jar
2025-08-09 15:32:19,577 [Worker-139: Launching Executing test in C__Users_docnd_OneDrive_Desktop_eCommerce_Bookstore] INFO  o.eclipse.m2e.core.internal.Bundles - 	Entry: C:\Eclipse\eclipse\plugins\org.eclipse.m2e.maven.runtime_3.9.900.20250220-2013\jars\plexus-classworlds-2.8.0.jar
2025-08-09 15:32:19,578 [Worker-139: Launching Executing test in C__Users_docnd_OneDrive_Desktop_eCommerce_Bookstore] INFO  o.eclipse.m2e.core.internal.Bundles - 	Entry: C:\Eclipse\eclipse\plugins\org.eclipse.m2e.maven.runtime_3.9.900.20250220-2013\jars\plexus-component-annotations-2.1.0.jar
2025-08-09 15:32:19,578 [Worker-139: Launching Executing test in C__Users_docnd_OneDrive_Desktop_eCommerce_Bookstore] INFO  o.eclipse.m2e.core.internal.Bundles - 	Entry: C:\Eclipse\eclipse\plugins\org.eclipse.m2e.maven.runtime_3.9.900.20250220-2013\jars\plexus-interpolation-1.27.jar
2025-08-09 15:32:19,578 [Worker-139: Launching Executing test in C__Users_docnd_OneDrive_Desktop_eCommerce_Bookstore] INFO  o.eclipse.m2e.core.internal.Bundles - 	Entry: C:\Eclipse\eclipse\plugins\org.eclipse.m2e.maven.runtime_3.9.900.20250220-2013\jars\plexus-sec-dispatcher-2.0.jar
2025-08-09 15:32:19,578 [Worker-139: Launching Executing test in C__Users_docnd_OneDrive_Desktop_eCommerce_Bookstore] INFO  o.eclipse.m2e.core.internal.Bundles - 	Entry: C:\Eclipse\eclipse\plugins\org.eclipse.m2e.maven.runtime_3.9.900.20250220-2013\jars\plexus-utils-3.5.1.jar
2025-08-09 15:32:19,578 [Worker-139: Launching Executing test in C__Users_docnd_OneDrive_Desktop_eCommerce_Bookstore] INFO  o.eclipse.m2e.core.internal.Bundles - 	Entry: C:\Eclipse\eclipse\plugins\org.eclipse.m2e.maven.runtime_3.9.900.20250220-2013\jars\plexus-xml-3.0.1.jar
2025-08-09 15:32:19,578 [Worker-139: Launching Executing test in C__Users_docnd_OneDrive_Desktop_eCommerce_Bookstore] INFO  o.eclipse.m2e.core.internal.Bundles - 	Entry: C:\Eclipse\eclipse\plugins\org.eclipse.m2e.maven.runtime_3.9.900.20250220-2013\jars\wagon-file-3.5.3.jar
2025-08-09 15:32:19,578 [Worker-139: Launching Executing test in C__Users_docnd_OneDrive_Desktop_eCommerce_Bookstore] INFO  o.eclipse.m2e.core.internal.Bundles - 	Entry: C:\Eclipse\eclipse\plugins\org.eclipse.m2e.maven.runtime_3.9.900.20250220-2013\jars\wagon-http-3.5.3.jar
2025-08-09 15:32:19,578 [Worker-139: Launching Executing test in C__Users_docnd_OneDrive_Desktop_eCommerce_Bookstore] INFO  o.eclipse.m2e.core.internal.Bundles - 	Entry: C:\Eclipse\eclipse\plugins\org.eclipse.m2e.maven.runtime_3.9.900.20250220-2013\jars\wagon-http-shared-3.5.3.jar
2025-08-09 15:32:19,578 [Worker-139: Launching Executing test in C__Users_docnd_OneDrive_Desktop_eCommerce_Bookstore] INFO  o.eclipse.m2e.core.internal.Bundles - 	Entry: C:\Eclipse\eclipse\plugins\org.eclipse.m2e.maven.runtime_3.9.900.20250220-2013\jars\wagon-provider-api-3.5.3.jar
2025-08-09 15:32:19,579 [Worker-139: Launching Executing test in C__Users_docnd_OneDrive_Desktop_eCommerce_Bookstore] INFO  o.eclipse.m2e.core.internal.Bundles - getClasspathEntries(Bundle=com.google.guava_33.4.8.jre [18])
2025-08-09 15:32:19,579 [Worker-139: Launching Executing test in C__Users_docnd_OneDrive_Desktop_eCommerce_Bookstore] INFO  o.eclipse.m2e.core.internal.Bundles - 	Entry: C:\Eclipse\eclipse\plugins\com.google.guava_33.4.8.jre.jar
2025-08-09 15:32:19,579 [Worker-139: Launching Executing test in C__Users_docnd_OneDrive_Desktop_eCommerce_Bookstore] INFO  o.eclipse.m2e.core.internal.Bundles - getClasspathEntries(Bundle=slf4j.api_2.0.17 [1006])
2025-08-09 15:32:19,580 [Worker-139: Launching Executing test in C__Users_docnd_OneDrive_Desktop_eCommerce_Bookstore] INFO  o.eclipse.m2e.core.internal.Bundles - 	Entry: C:\Eclipse\eclipse\plugins\slf4j.api_2.0.17.jar
2025-08-09 15:32:19,580 [Worker-139: Launching Executing test in C__Users_docnd_OneDrive_Desktop_eCommerce_Bookstore] INFO  o.eclipse.m2e.core.internal.Bundles - getClasspathEntries(Bundle=jakarta.inject.jakarta.inject-api_1.0.5 [35])
2025-08-09 15:32:19,580 [Worker-139: Launching Executing test in C__Users_docnd_OneDrive_Desktop_eCommerce_Bookstore] INFO  o.eclipse.m2e.core.internal.Bundles - 	Entry: C:\Eclipse\eclipse\plugins\jakarta.inject.jakarta.inject-api_1.0.5.jar
2025-08-09 15:32:19,580 [Worker-139: Launching Executing test in C__Users_docnd_OneDrive_Desktop_eCommerce_Bookstore] INFO  o.eclipse.m2e.core.internal.Bundles - getClasspathEntries(Bundle=javax.annotation_1.3.5.v20200909-1856 [45])
2025-08-09 15:32:19,580 [Worker-139: Launching Executing test in C__Users_docnd_OneDrive_Desktop_eCommerce_Bookstore] INFO  o.eclipse.m2e.core.internal.Bundles - 	Entry: C:\Eclipse\eclipse\plugins\javax.annotation_1.3.5.v20200909-1856.jar
2025-08-09 15:32:19,580 [Worker-139: Launching Executing test in C__Users_docnd_OneDrive_Desktop_eCommerce_Bookstore] INFO  o.eclipse.m2e.core.internal.Bundles - getClasspathEntries(Bundle=org.apache.commons.cli_1.9.0 [76])
2025-08-09 15:32:19,580 [Worker-139: Launching Executing test in C__Users_docnd_OneDrive_Desktop_eCommerce_Bookstore] INFO  o.eclipse.m2e.core.internal.Bundles - 	Entry: C:\Eclipse\eclipse\plugins\org.apache.commons.cli_1.9.0.jar
2025-08-09 15:32:19,580 [Worker-139: Launching Executing test in C__Users_docnd_OneDrive_Desktop_eCommerce_Bookstore] INFO  o.eclipse.m2e.core.internal.Bundles - getClasspathEntries(Bundle=org.apache.commons.commons-codec_1.16.0 [78])
2025-08-09 15:32:19,580 [Worker-139: Launching Executing test in C__Users_docnd_OneDrive_Desktop_eCommerce_Bookstore] INFO  o.eclipse.m2e.core.internal.Bundles - 	Entry: C:\Eclipse\eclipse\plugins\org.apache.commons.commons-codec_1.16.0.jar
2025-08-09 15:32:19,580 [Worker-139: Launching Executing test in C__Users_docnd_OneDrive_Desktop_eCommerce_Bookstore] INFO  o.eclipse.m2e.core.internal.Bundles - getClasspathEntries(Bundle=com.google.guava.failureaccess_1.0.3 [19])
2025-08-09 15:32:19,580 [Worker-139: Launching Executing test in C__Users_docnd_OneDrive_Desktop_eCommerce_Bookstore] INFO  o.eclipse.m2e.core.internal.Bundles - 	Entry: C:\Eclipse\eclipse\plugins\com.google.guava.failureaccess_1.0.3.jar
2025-08-09 15:32:19,583 [Worker-139: Launching Executing test in C__Users_docnd_OneDrive_Desktop_eCommerce_Bookstore] INFO  o.e.m.i.launch.MavenLaunchDelegate - Run build in "C:\Users\docnd\OneDrive\Desktop\eCommerce\Bookstore":
2025-08-09 15:32:19,586 [Worker-139: Launching Executing test in C__Users_docnd_OneDrive_Desktop_eCommerce_Bookstore] INFO  o.e.m.i.launch.MavenLaunchDelegate -  mvn  -B -Dstyle.color=always test
2025-08-09 15:33:24,674 [Worker-139: Launching Executing test in C__Users_docnd_OneDrive_Desktop_eCommerce_Bookstore] INFO  o.eclipse.m2e.core.internal.Bundles - getClasspathEntries(Bundle=org.eclipse.m2e.maven.runtime_3.9.900.20250220-2013 [640])
2025-08-09 15:33:24,674 [Worker-139: Launching Executing test in C__Users_docnd_OneDrive_Desktop_eCommerce_Bookstore] INFO  o.eclipse.m2e.core.internal.Bundles - 	Entry: C:\Eclipse\eclipse\plugins\org.eclipse.m2e.maven.runtime_3.9.900.20250220-2013
2025-08-09 15:33:24,674 [Worker-139: Launching Executing test in C__Users_docnd_OneDrive_Desktop_eCommerce_Bookstore] INFO  o.eclipse.m2e.core.internal.Bundles - 	Entry: C:\Eclipse\eclipse\plugins\org.eclipse.m2e.maven.runtime_3.9.900.20250220-2013\jars\aopalliance-1.0.jar
2025-08-09 15:33:24,674 [Worker-139: Launching Executing test in C__Users_docnd_OneDrive_Desktop_eCommerce_Bookstore] INFO  o.eclipse.m2e.core.internal.Bundles - 	Entry: C:\Eclipse\eclipse\plugins\org.eclipse.m2e.maven.runtime_3.9.900.20250220-2013\jars\guice-5.1.0.jar
2025-08-09 15:33:24,674 [Worker-139: Launching Executing test in C__Users_docnd_OneDrive_Desktop_eCommerce_Bookstore] INFO  o.eclipse.m2e.core.internal.Bundles - 	Entry: C:\Eclipse\eclipse\plugins\org.eclipse.m2e.maven.runtime_3.9.900.20250220-2013\jars\httpclient-4.5.14.jar
2025-08-09 15:33:24,675 [Worker-139: Launching Executing test in C__Users_docnd_OneDrive_Desktop_eCommerce_Bookstore] INFO  o.eclipse.m2e.core.internal.Bundles - 	Entry: C:\Eclipse\eclipse\plugins\org.eclipse.m2e.maven.runtime_3.9.900.20250220-2013\jars\httpcore-4.4.16.jar
2025-08-09 15:33:24,675 [Worker-139: Launching Executing test in C__Users_docnd_OneDrive_Desktop_eCommerce_Bookstore] INFO  o.eclipse.m2e.core.internal.Bundles - 	Entry: C:\Eclipse\eclipse\plugins\org.eclipse.m2e.maven.runtime_3.9.900.20250220-2013\jars\jansi-2.4.1.jar
2025-08-09 15:33:24,675 [Worker-139: Launching Executing test in C__Users_docnd_OneDrive_Desktop_eCommerce_Bookstore] INFO  o.eclipse.m2e.core.internal.Bundles - 	Entry: C:\Eclipse\eclipse\plugins\org.eclipse.m2e.maven.runtime_3.9.900.20250220-2013\jars\jcl-over-slf4j-1.7.36.jar
2025-08-09 15:33:24,675 [Worker-139: Launching Executing test in C__Users_docnd_OneDrive_Desktop_eCommerce_Bookstore] INFO  o.eclipse.m2e.core.internal.Bundles - 	Entry: C:\Eclipse\eclipse\plugins\org.eclipse.m2e.maven.runtime_3.9.900.20250220-2013\jars\maven-artifact-3.9.9.jar
2025-08-09 15:33:24,675 [Worker-139: Launching Executing test in C__Users_docnd_OneDrive_Desktop_eCommerce_Bookstore] INFO  o.eclipse.m2e.core.internal.Bundles - 	Entry: C:\Eclipse\eclipse\plugins\org.eclipse.m2e.maven.runtime_3.9.900.20250220-2013\jars\maven-builder-support-3.9.9.jar
2025-08-09 15:33:24,675 [Worker-139: Launching Executing test in C__Users_docnd_OneDrive_Desktop_eCommerce_Bookstore] INFO  o.eclipse.m2e.core.internal.Bundles - 	Entry: C:\Eclipse\eclipse\plugins\org.eclipse.m2e.maven.runtime_3.9.900.20250220-2013\jars\maven-compat-3.9.9.jar
2025-08-09 15:33:24,675 [Worker-139: Launching Executing test in C__Users_docnd_OneDrive_Desktop_eCommerce_Bookstore] INFO  o.eclipse.m2e.core.internal.Bundles - 	Entry: C:\Eclipse\eclipse\plugins\org.eclipse.m2e.maven.runtime_3.9.900.20250220-2013\jars\maven-core-3.9.9.jar
2025-08-09 15:33:24,675 [Worker-139: Launching Executing test in C__Users_docnd_OneDrive_Desktop_eCommerce_Bookstore] INFO  o.eclipse.m2e.core.internal.Bundles - 	Entry: C:\Eclipse\eclipse\plugins\org.eclipse.m2e.maven.runtime_3.9.900.20250220-2013\jars\maven-embedder-3.9.9.jar
2025-08-09 15:33:24,675 [Worker-139: Launching Executing test in C__Users_docnd_OneDrive_Desktop_eCommerce_Bookstore] INFO  o.eclipse.m2e.core.internal.Bundles - 	Entry: C:\Eclipse\eclipse\plugins\org.eclipse.m2e.maven.runtime_3.9.900.20250220-2013\jars\maven-model-3.9.9.jar
2025-08-09 15:33:24,675 [Worker-139: Launching Executing test in C__Users_docnd_OneDrive_Desktop_eCommerce_Bookstore] INFO  o.eclipse.m2e.core.internal.Bundles - 	Entry: C:\Eclipse\eclipse\plugins\org.eclipse.m2e.maven.runtime_3.9.900.20250220-2013\jars\maven-model-builder-3.9.9.jar
2025-08-09 15:33:24,675 [Worker-139: Launching Executing test in C__Users_docnd_OneDrive_Desktop_eCommerce_Bookstore] INFO  o.eclipse.m2e.core.internal.Bundles - 	Entry: C:\Eclipse\eclipse\plugins\org.eclipse.m2e.maven.runtime_3.9.900.20250220-2013\jars\maven-plugin-api-3.9.9.jar
2025-08-09 15:33:24,675 [Worker-139: Launching Executing test in C__Users_docnd_OneDrive_Desktop_eCommerce_Bookstore] INFO  o.eclipse.m2e.core.internal.Bundles - 	Entry: C:\Eclipse\eclipse\plugins\org.eclipse.m2e.maven.runtime_3.9.900.20250220-2013\jars\maven-repository-metadata-3.9.9.jar
2025-08-09 15:33:24,675 [Worker-139: Launching Executing test in C__Users_docnd_OneDrive_Desktop_eCommerce_Bookstore] INFO  o.eclipse.m2e.core.internal.Bundles - 	Entry: C:\Eclipse\eclipse\plugins\org.eclipse.m2e.maven.runtime_3.9.900.20250220-2013\jars\maven-resolver-api-1.9.22.jar
2025-08-09 15:33:24,675 [Worker-139: Launching Executing test in C__Users_docnd_OneDrive_Desktop_eCommerce_Bookstore] INFO  o.eclipse.m2e.core.internal.Bundles - 	Entry: C:\Eclipse\eclipse\plugins\org.eclipse.m2e.maven.runtime_3.9.900.20250220-2013\jars\maven-resolver-connector-basic-1.9.22.jar
2025-08-09 15:33:24,675 [Worker-139: Launching Executing test in C__Users_docnd_OneDrive_Desktop_eCommerce_Bookstore] INFO  o.eclipse.m2e.core.internal.Bundles - 	Entry: C:\Eclipse\eclipse\plugins\org.eclipse.m2e.maven.runtime_3.9.900.20250220-2013\jars\maven-resolver-impl-1.9.22.jar
2025-08-09 15:33:24,676 [Worker-139: Launching Executing test in C__Users_docnd_OneDrive_Desktop_eCommerce_Bookstore] INFO  o.eclipse.m2e.core.internal.Bundles - 	Entry: C:\Eclipse\eclipse\plugins\org.eclipse.m2e.maven.runtime_3.9.900.20250220-2013\jars\maven-resolver-named-locks-1.9.22.jar
2025-08-09 15:33:24,676 [Worker-139: Launching Executing test in C__Users_docnd_OneDrive_Desktop_eCommerce_Bookstore] INFO  o.eclipse.m2e.core.internal.Bundles - 	Entry: C:\Eclipse\eclipse\plugins\org.eclipse.m2e.maven.runtime_3.9.900.20250220-2013\jars\maven-resolver-provider-3.9.9.jar
2025-08-09 15:33:24,676 [Worker-139: Launching Executing test in C__Users_docnd_OneDrive_Desktop_eCommerce_Bookstore] INFO  o.eclipse.m2e.core.internal.Bundles - 	Entry: C:\Eclipse\eclipse\plugins\org.eclipse.m2e.maven.runtime_3.9.900.20250220-2013\jars\maven-resolver-spi-1.9.22.jar
2025-08-09 15:33:24,676 [Worker-139: Launching Executing test in C__Users_docnd_OneDrive_Desktop_eCommerce_Bookstore] INFO  o.eclipse.m2e.core.internal.Bundles - 	Entry: C:\Eclipse\eclipse\plugins\org.eclipse.m2e.maven.runtime_3.9.900.20250220-2013\jars\maven-resolver-transport-file-1.9.22.jar
2025-08-09 15:33:24,676 [Worker-139: Launching Executing test in C__Users_docnd_OneDrive_Desktop_eCommerce_Bookstore] INFO  o.eclipse.m2e.core.internal.Bundles - 	Entry: C:\Eclipse\eclipse\plugins\org.eclipse.m2e.maven.runtime_3.9.900.20250220-2013\jars\maven-resolver-transport-http-1.9.22.jar
2025-08-09 15:33:24,676 [Worker-139: Launching Executing test in C__Users_docnd_OneDrive_Desktop_eCommerce_Bookstore] INFO  o.eclipse.m2e.core.internal.Bundles - 	Entry: C:\Eclipse\eclipse\plugins\org.eclipse.m2e.maven.runtime_3.9.900.20250220-2013\jars\maven-resolver-transport-wagon-1.9.22.jar
2025-08-09 15:33:24,676 [Worker-139: Launching Executing test in C__Users_docnd_OneDrive_Desktop_eCommerce_Bookstore] INFO  o.eclipse.m2e.core.internal.Bundles - 	Entry: C:\Eclipse\eclipse\plugins\org.eclipse.m2e.maven.runtime_3.9.900.20250220-2013\jars\maven-resolver-util-1.9.22.jar
2025-08-09 15:33:24,676 [Worker-139: Launching Executing test in C__Users_docnd_OneDrive_Desktop_eCommerce_Bookstore] INFO  o.eclipse.m2e.core.internal.Bundles - 	Entry: C:\Eclipse\eclipse\plugins\org.eclipse.m2e.maven.runtime_3.9.900.20250220-2013\jars\maven-settings-3.9.9.jar
2025-08-09 15:33:24,676 [Worker-139: Launching Executing test in C__Users_docnd_OneDrive_Desktop_eCommerce_Bookstore] INFO  o.eclipse.m2e.core.internal.Bundles - 	Entry: C:\Eclipse\eclipse\plugins\org.eclipse.m2e.maven.runtime_3.9.900.20250220-2013\jars\maven-settings-builder-3.9.9.jar
2025-08-09 15:33:24,676 [Worker-139: Launching Executing test in C__Users_docnd_OneDrive_Desktop_eCommerce_Bookstore] INFO  o.eclipse.m2e.core.internal.Bundles - 	Entry: C:\Eclipse\eclipse\plugins\org.eclipse.m2e.maven.runtime_3.9.900.20250220-2013\jars\maven-shared-utils-3.4.2.jar
2025-08-09 15:33:24,676 [Worker-139: Launching Executing test in C__Users_docnd_OneDrive_Desktop_eCommerce_Bookstore] INFO  o.eclipse.m2e.core.internal.Bundles - 	Entry: C:\Eclipse\eclipse\plugins\org.eclipse.m2e.maven.runtime_3.9.900.20250220-2013\jars\org.eclipse.sisu.inject-0.9.0.M3.jar
2025-08-09 15:33:24,676 [Worker-139: Launching Executing test in C__Users_docnd_OneDrive_Desktop_eCommerce_Bookstore] INFO  o.eclipse.m2e.core.internal.Bundles - 	Entry: C:\Eclipse\eclipse\plugins\org.eclipse.m2e.maven.runtime_3.9.900.20250220-2013\jars\org.eclipse.sisu.plexus-0.9.0.M3.jar
2025-08-09 15:33:24,676 [Worker-139: Launching Executing test in C__Users_docnd_OneDrive_Desktop_eCommerce_Bookstore] INFO  o.eclipse.m2e.core.internal.Bundles - 	Entry: C:\Eclipse\eclipse\plugins\org.eclipse.m2e.maven.runtime_3.9.900.20250220-2013\jars\plexus-build-api-0.0.7.jar
2025-08-09 15:33:24,677 [Worker-139: Launching Executing test in C__Users_docnd_OneDrive_Desktop_eCommerce_Bookstore] INFO  o.eclipse.m2e.core.internal.Bundles - 	Entry: C:\Eclipse\eclipse\plugins\org.eclipse.m2e.maven.runtime_3.9.900.20250220-2013\jars\plexus-build-api-1.2.0.jar
2025-08-09 15:33:24,677 [Worker-139: Launching Executing test in C__Users_docnd_OneDrive_Desktop_eCommerce_Bookstore] INFO  o.eclipse.m2e.core.internal.Bundles - 	Entry: C:\Eclipse\eclipse\plugins\org.eclipse.m2e.maven.runtime_3.9.900.20250220-2013\jars\plexus-cipher-2.0.jar
2025-08-09 15:33:24,677 [Worker-139: Launching Executing test in C__Users_docnd_OneDrive_Desktop_eCommerce_Bookstore] INFO  o.eclipse.m2e.core.internal.Bundles - 	Entry: C:\Eclipse\eclipse\plugins\org.eclipse.m2e.maven.runtime_3.9.900.20250220-2013\jars\plexus-classworlds-2.8.0.jar
2025-08-09 15:33:24,677 [Worker-139: Launching Executing test in C__Users_docnd_OneDrive_Desktop_eCommerce_Bookstore] INFO  o.eclipse.m2e.core.internal.Bundles - 	Entry: C:\Eclipse\eclipse\plugins\org.eclipse.m2e.maven.runtime_3.9.900.20250220-2013\jars\plexus-component-annotations-2.1.0.jar
2025-08-09 15:33:24,677 [Worker-139: Launching Executing test in C__Users_docnd_OneDrive_Desktop_eCommerce_Bookstore] INFO  o.eclipse.m2e.core.internal.Bundles - 	Entry: C:\Eclipse\eclipse\plugins\org.eclipse.m2e.maven.runtime_3.9.900.20250220-2013\jars\plexus-interpolation-1.27.jar
2025-08-09 15:33:24,677 [Worker-139: Launching Executing test in C__Users_docnd_OneDrive_Desktop_eCommerce_Bookstore] INFO  o.eclipse.m2e.core.internal.Bundles - 	Entry: C:\Eclipse\eclipse\plugins\org.eclipse.m2e.maven.runtime_3.9.900.20250220-2013\jars\plexus-sec-dispatcher-2.0.jar
2025-08-09 15:33:24,677 [Worker-139: Launching Executing test in C__Users_docnd_OneDrive_Desktop_eCommerce_Bookstore] INFO  o.eclipse.m2e.core.internal.Bundles - 	Entry: C:\Eclipse\eclipse\plugins\org.eclipse.m2e.maven.runtime_3.9.900.20250220-2013\jars\plexus-utils-3.5.1.jar
2025-08-09 15:33:24,677 [Worker-139: Launching Executing test in C__Users_docnd_OneDrive_Desktop_eCommerce_Bookstore] INFO  o.eclipse.m2e.core.internal.Bundles - 	Entry: C:\Eclipse\eclipse\plugins\org.eclipse.m2e.maven.runtime_3.9.900.20250220-2013\jars\plexus-xml-3.0.1.jar
2025-08-09 15:33:24,677 [Worker-139: Launching Executing test in C__Users_docnd_OneDrive_Desktop_eCommerce_Bookstore] INFO  o.eclipse.m2e.core.internal.Bundles - 	Entry: C:\Eclipse\eclipse\plugins\org.eclipse.m2e.maven.runtime_3.9.900.20250220-2013\jars\wagon-file-3.5.3.jar
2025-08-09 15:33:24,677 [Worker-139: Launching Executing test in C__Users_docnd_OneDrive_Desktop_eCommerce_Bookstore] INFO  o.eclipse.m2e.core.internal.Bundles - 	Entry: C:\Eclipse\eclipse\plugins\org.eclipse.m2e.maven.runtime_3.9.900.20250220-2013\jars\wagon-http-3.5.3.jar
2025-08-09 15:33:24,677 [Worker-139: Launching Executing test in C__Users_docnd_OneDrive_Desktop_eCommerce_Bookstore] INFO  o.eclipse.m2e.core.internal.Bundles - 	Entry: C:\Eclipse\eclipse\plugins\org.eclipse.m2e.maven.runtime_3.9.900.20250220-2013\jars\wagon-http-shared-3.5.3.jar
2025-08-09 15:33:24,678 [Worker-139: Launching Executing test in C__Users_docnd_OneDrive_Desktop_eCommerce_Bookstore] INFO  o.eclipse.m2e.core.internal.Bundles - 	Entry: C:\Eclipse\eclipse\plugins\org.eclipse.m2e.maven.runtime_3.9.900.20250220-2013\jars\wagon-provider-api-3.5.3.jar
2025-08-09 15:33:24,678 [Worker-139: Launching Executing test in C__Users_docnd_OneDrive_Desktop_eCommerce_Bookstore] INFO  o.eclipse.m2e.core.internal.Bundles - getClasspathEntries(Bundle=com.google.guava_33.4.8.jre [18])
2025-08-09 15:33:24,679 [Worker-139: Launching Executing test in C__Users_docnd_OneDrive_Desktop_eCommerce_Bookstore] INFO  o.eclipse.m2e.core.internal.Bundles - 	Entry: C:\Eclipse\eclipse\plugins\com.google.guava_33.4.8.jre.jar
2025-08-09 15:33:24,679 [Worker-139: Launching Executing test in C__Users_docnd_OneDrive_Desktop_eCommerce_Bookstore] INFO  o.eclipse.m2e.core.internal.Bundles - getClasspathEntries(Bundle=slf4j.api_2.0.17 [1006])
2025-08-09 15:33:24,679 [Worker-139: Launching Executing test in C__Users_docnd_OneDrive_Desktop_eCommerce_Bookstore] INFO  o.eclipse.m2e.core.internal.Bundles - 	Entry: C:\Eclipse\eclipse\plugins\slf4j.api_2.0.17.jar
2025-08-09 15:33:24,679 [Worker-139: Launching Executing test in C__Users_docnd_OneDrive_Desktop_eCommerce_Bookstore] INFO  o.eclipse.m2e.core.internal.Bundles - getClasspathEntries(Bundle=jakarta.inject.jakarta.inject-api_1.0.5 [35])
2025-08-09 15:33:24,679 [Worker-139: Launching Executing test in C__Users_docnd_OneDrive_Desktop_eCommerce_Bookstore] INFO  o.eclipse.m2e.core.internal.Bundles - 	Entry: C:\Eclipse\eclipse\plugins\jakarta.inject.jakarta.inject-api_1.0.5.jar
2025-08-09 15:33:24,679 [Worker-139: Launching Executing test in C__Users_docnd_OneDrive_Desktop_eCommerce_Bookstore] INFO  o.eclipse.m2e.core.internal.Bundles - getClasspathEntries(Bundle=javax.annotation_1.3.5.v20200909-1856 [45])
2025-08-09 15:33:24,679 [Worker-139: Launching Executing test in C__Users_docnd_OneDrive_Desktop_eCommerce_Bookstore] INFO  o.eclipse.m2e.core.internal.Bundles - 	Entry: C:\Eclipse\eclipse\plugins\javax.annotation_1.3.5.v20200909-1856.jar
2025-08-09 15:33:24,679 [Worker-139: Launching Executing test in C__Users_docnd_OneDrive_Desktop_eCommerce_Bookstore] INFO  o.eclipse.m2e.core.internal.Bundles - getClasspathEntries(Bundle=org.apache.commons.cli_1.9.0 [76])
2025-08-09 15:33:24,679 [Worker-139: Launching Executing test in C__Users_docnd_OneDrive_Desktop_eCommerce_Bookstore] INFO  o.eclipse.m2e.core.internal.Bundles - 	Entry: C:\Eclipse\eclipse\plugins\org.apache.commons.cli_1.9.0.jar
2025-08-09 15:33:24,680 [Worker-139: Launching Executing test in C__Users_docnd_OneDrive_Desktop_eCommerce_Bookstore] INFO  o.eclipse.m2e.core.internal.Bundles - getClasspathEntries(Bundle=org.apache.commons.commons-codec_1.16.0 [78])
2025-08-09 15:33:24,680 [Worker-139: Launching Executing test in C__Users_docnd_OneDrive_Desktop_eCommerce_Bookstore] INFO  o.eclipse.m2e.core.internal.Bundles - 	Entry: C:\Eclipse\eclipse\plugins\org.apache.commons.commons-codec_1.16.0.jar
2025-08-09 15:33:24,680 [Worker-139: Launching Executing test in C__Users_docnd_OneDrive_Desktop_eCommerce_Bookstore] INFO  o.eclipse.m2e.core.internal.Bundles - getClasspathEntries(Bundle=com.google.guava.failureaccess_1.0.3 [19])
2025-08-09 15:33:24,680 [Worker-139: Launching Executing test in C__Users_docnd_OneDrive_Desktop_eCommerce_Bookstore] INFO  o.eclipse.m2e.core.internal.Bundles - 	Entry: C:\Eclipse\eclipse\plugins\com.google.guava.failureaccess_1.0.3.jar
2025-08-09 15:33:24,681 [Worker-139: Launching Executing test in C__Users_docnd_OneDrive_Desktop_eCommerce_Bookstore] INFO  o.e.m.i.launch.MavenLaunchDelegate - Run build in "C:\Users\docnd\OneDrive\Desktop\eCommerce\Bookstore":
2025-08-09 15:33:24,681 [Worker-139: Launching Executing test in C__Users_docnd_OneDrive_Desktop_eCommerce_Bookstore] INFO  o.e.m.i.launch.MavenLaunchDelegate -  mvn  -B -Dstyle.color=always test
2025-08-09 15:33:48,353 [Worker-139: Launching Executing clean in C__Users_docnd_OneDrive_Desktop_eCommerce_Bookstore] INFO  o.eclipse.m2e.core.internal.Bundles - getClasspathEntries(Bundle=org.eclipse.m2e.maven.runtime_3.9.900.20250220-2013 [640])
2025-08-09 15:33:48,354 [Worker-139: Launching Executing clean in C__Users_docnd_OneDrive_Desktop_eCommerce_Bookstore] INFO  o.eclipse.m2e.core.internal.Bundles - 	Entry: C:\Eclipse\eclipse\plugins\org.eclipse.m2e.maven.runtime_3.9.900.20250220-2013
2025-08-09 15:33:48,354 [Worker-139: Launching Executing clean in C__Users_docnd_OneDrive_Desktop_eCommerce_Bookstore] INFO  o.eclipse.m2e.core.internal.Bundles - 	Entry: C:\Eclipse\eclipse\plugins\org.eclipse.m2e.maven.runtime_3.9.900.20250220-2013\jars\aopalliance-1.0.jar
2025-08-09 15:33:48,354 [Worker-139: Launching Executing clean in C__Users_docnd_OneDrive_Desktop_eCommerce_Bookstore] INFO  o.eclipse.m2e.core.internal.Bundles - 	Entry: C:\Eclipse\eclipse\plugins\org.eclipse.m2e.maven.runtime_3.9.900.20250220-2013\jars\guice-5.1.0.jar
2025-08-09 15:33:48,354 [Worker-139: Launching Executing clean in C__Users_docnd_OneDrive_Desktop_eCommerce_Bookstore] INFO  o.eclipse.m2e.core.internal.Bundles - 	Entry: C:\Eclipse\eclipse\plugins\org.eclipse.m2e.maven.runtime_3.9.900.20250220-2013\jars\httpclient-4.5.14.jar
2025-08-09 15:33:48,354 [Worker-139: Launching Executing clean in C__Users_docnd_OneDrive_Desktop_eCommerce_Bookstore] INFO  o.eclipse.m2e.core.internal.Bundles - 	Entry: C:\Eclipse\eclipse\plugins\org.eclipse.m2e.maven.runtime_3.9.900.20250220-2013\jars\httpcore-4.4.16.jar
2025-08-09 15:33:48,354 [Worker-139: Launching Executing clean in C__Users_docnd_OneDrive_Desktop_eCommerce_Bookstore] INFO  o.eclipse.m2e.core.internal.Bundles - 	Entry: C:\Eclipse\eclipse\plugins\org.eclipse.m2e.maven.runtime_3.9.900.20250220-2013\jars\jansi-2.4.1.jar
2025-08-09 15:33:48,354 [Worker-139: Launching Executing clean in C__Users_docnd_OneDrive_Desktop_eCommerce_Bookstore] INFO  o.eclipse.m2e.core.internal.Bundles - 	Entry: C:\Eclipse\eclipse\plugins\org.eclipse.m2e.maven.runtime_3.9.900.20250220-2013\jars\jcl-over-slf4j-1.7.36.jar
2025-08-09 15:33:48,354 [Worker-139: Launching Executing clean in C__Users_docnd_OneDrive_Desktop_eCommerce_Bookstore] INFO  o.eclipse.m2e.core.internal.Bundles - 	Entry: C:\Eclipse\eclipse\plugins\org.eclipse.m2e.maven.runtime_3.9.900.20250220-2013\jars\maven-artifact-3.9.9.jar
2025-08-09 15:33:48,355 [Worker-139: Launching Executing clean in C__Users_docnd_OneDrive_Desktop_eCommerce_Bookstore] INFO  o.eclipse.m2e.core.internal.Bundles - 	Entry: C:\Eclipse\eclipse\plugins\org.eclipse.m2e.maven.runtime_3.9.900.20250220-2013\jars\maven-builder-support-3.9.9.jar
2025-08-09 15:33:48,355 [Worker-139: Launching Executing clean in C__Users_docnd_OneDrive_Desktop_eCommerce_Bookstore] INFO  o.eclipse.m2e.core.internal.Bundles - 	Entry: C:\Eclipse\eclipse\plugins\org.eclipse.m2e.maven.runtime_3.9.900.20250220-2013\jars\maven-compat-3.9.9.jar
2025-08-09 15:33:48,355 [Worker-139: Launching Executing clean in C__Users_docnd_OneDrive_Desktop_eCommerce_Bookstore] INFO  o.eclipse.m2e.core.internal.Bundles - 	Entry: C:\Eclipse\eclipse\plugins\org.eclipse.m2e.maven.runtime_3.9.900.20250220-2013\jars\maven-core-3.9.9.jar
2025-08-09 15:33:48,355 [Worker-139: Launching Executing clean in C__Users_docnd_OneDrive_Desktop_eCommerce_Bookstore] INFO  o.eclipse.m2e.core.internal.Bundles - 	Entry: C:\Eclipse\eclipse\plugins\org.eclipse.m2e.maven.runtime_3.9.900.20250220-2013\jars\maven-embedder-3.9.9.jar
2025-08-09 15:33:48,355 [Worker-139: Launching Executing clean in C__Users_docnd_OneDrive_Desktop_eCommerce_Bookstore] INFO  o.eclipse.m2e.core.internal.Bundles - 	Entry: C:\Eclipse\eclipse\plugins\org.eclipse.m2e.maven.runtime_3.9.900.20250220-2013\jars\maven-model-3.9.9.jar
2025-08-09 15:33:48,355 [Worker-139: Launching Executing clean in C__Users_docnd_OneDrive_Desktop_eCommerce_Bookstore] INFO  o.eclipse.m2e.core.internal.Bundles - 	Entry: C:\Eclipse\eclipse\plugins\org.eclipse.m2e.maven.runtime_3.9.900.20250220-2013\jars\maven-model-builder-3.9.9.jar
2025-08-09 15:33:48,355 [Worker-139: Launching Executing clean in C__Users_docnd_OneDrive_Desktop_eCommerce_Bookstore] INFO  o.eclipse.m2e.core.internal.Bundles - 	Entry: C:\Eclipse\eclipse\plugins\org.eclipse.m2e.maven.runtime_3.9.900.20250220-2013\jars\maven-plugin-api-3.9.9.jar
2025-08-09 15:33:48,355 [Worker-139: Launching Executing clean in C__Users_docnd_OneDrive_Desktop_eCommerce_Bookstore] INFO  o.eclipse.m2e.core.internal.Bundles - 	Entry: C:\Eclipse\eclipse\plugins\org.eclipse.m2e.maven.runtime_3.9.900.20250220-2013\jars\maven-repository-metadata-3.9.9.jar
2025-08-09 15:33:48,355 [Worker-139: Launching Executing clean in C__Users_docnd_OneDrive_Desktop_eCommerce_Bookstore] INFO  o.eclipse.m2e.core.internal.Bundles - 	Entry: C:\Eclipse\eclipse\plugins\org.eclipse.m2e.maven.runtime_3.9.900.20250220-2013\jars\maven-resolver-api-1.9.22.jar
2025-08-09 15:33:48,355 [Worker-139: Launching Executing clean in C__Users_docnd_OneDrive_Desktop_eCommerce_Bookstore] INFO  o.eclipse.m2e.core.internal.Bundles - 	Entry: C:\Eclipse\eclipse\plugins\org.eclipse.m2e.maven.runtime_3.9.900.20250220-2013\jars\maven-resolver-connector-basic-1.9.22.jar
2025-08-09 15:33:48,355 [Worker-139: Launching Executing clean in C__Users_docnd_OneDrive_Desktop_eCommerce_Bookstore] INFO  o.eclipse.m2e.core.internal.Bundles - 	Entry: C:\Eclipse\eclipse\plugins\org.eclipse.m2e.maven.runtime_3.9.900.20250220-2013\jars\maven-resolver-impl-1.9.22.jar
2025-08-09 15:33:48,355 [Worker-139: Launching Executing clean in C__Users_docnd_OneDrive_Desktop_eCommerce_Bookstore] INFO  o.eclipse.m2e.core.internal.Bundles - 	Entry: C:\Eclipse\eclipse\plugins\org.eclipse.m2e.maven.runtime_3.9.900.20250220-2013\jars\maven-resolver-named-locks-1.9.22.jar
2025-08-09 15:33:48,355 [Worker-139: Launching Executing clean in C__Users_docnd_OneDrive_Desktop_eCommerce_Bookstore] INFO  o.eclipse.m2e.core.internal.Bundles - 	Entry: C:\Eclipse\eclipse\plugins\org.eclipse.m2e.maven.runtime_3.9.900.20250220-2013\jars\maven-resolver-provider-3.9.9.jar
2025-08-09 15:33:48,355 [Worker-139: Launching Executing clean in C__Users_docnd_OneDrive_Desktop_eCommerce_Bookstore] INFO  o.eclipse.m2e.core.internal.Bundles - 	Entry: C:\Eclipse\eclipse\plugins\org.eclipse.m2e.maven.runtime_3.9.900.20250220-2013\jars\maven-resolver-spi-1.9.22.jar
2025-08-09 15:33:48,355 [Worker-139: Launching Executing clean in C__Users_docnd_OneDrive_Desktop_eCommerce_Bookstore] INFO  o.eclipse.m2e.core.internal.Bundles - 	Entry: C:\Eclipse\eclipse\plugins\org.eclipse.m2e.maven.runtime_3.9.900.20250220-2013\jars\maven-resolver-transport-file-1.9.22.jar
2025-08-09 15:33:48,356 [Worker-139: Launching Executing clean in C__Users_docnd_OneDrive_Desktop_eCommerce_Bookstore] INFO  o.eclipse.m2e.core.internal.Bundles - 	Entry: C:\Eclipse\eclipse\plugins\org.eclipse.m2e.maven.runtime_3.9.900.20250220-2013\jars\maven-resolver-transport-http-1.9.22.jar
2025-08-09 15:33:48,356 [Worker-139: Launching Executing clean in C__Users_docnd_OneDrive_Desktop_eCommerce_Bookstore] INFO  o.eclipse.m2e.core.internal.Bundles - 	Entry: C:\Eclipse\eclipse\plugins\org.eclipse.m2e.maven.runtime_3.9.900.20250220-2013\jars\maven-resolver-transport-wagon-1.9.22.jar
2025-08-09 15:33:48,356 [Worker-139: Launching Executing clean in C__Users_docnd_OneDrive_Desktop_eCommerce_Bookstore] INFO  o.eclipse.m2e.core.internal.Bundles - 	Entry: C:\Eclipse\eclipse\plugins\org.eclipse.m2e.maven.runtime_3.9.900.20250220-2013\jars\maven-resolver-util-1.9.22.jar
2025-08-09 15:33:48,356 [Worker-139: Launching Executing clean in C__Users_docnd_OneDrive_Desktop_eCommerce_Bookstore] INFO  o.eclipse.m2e.core.internal.Bundles - 	Entry: C:\Eclipse\eclipse\plugins\org.eclipse.m2e.maven.runtime_3.9.900.20250220-2013\jars\maven-settings-3.9.9.jar
2025-08-09 15:33:48,356 [Worker-139: Launching Executing clean in C__Users_docnd_OneDrive_Desktop_eCommerce_Bookstore] INFO  o.eclipse.m2e.core.internal.Bundles - 	Entry: C:\Eclipse\eclipse\plugins\org.eclipse.m2e.maven.runtime_3.9.900.20250220-2013\jars\maven-settings-builder-3.9.9.jar
2025-08-09 15:33:48,356 [Worker-139: Launching Executing clean in C__Users_docnd_OneDrive_Desktop_eCommerce_Bookstore] INFO  o.eclipse.m2e.core.internal.Bundles - 	Entry: C:\Eclipse\eclipse\plugins\org.eclipse.m2e.maven.runtime_3.9.900.20250220-2013\jars\maven-shared-utils-3.4.2.jar
2025-08-09 15:33:48,356 [Worker-139: Launching Executing clean in C__Users_docnd_OneDrive_Desktop_eCommerce_Bookstore] INFO  o.eclipse.m2e.core.internal.Bundles - 	Entry: C:\Eclipse\eclipse\plugins\org.eclipse.m2e.maven.runtime_3.9.900.20250220-2013\jars\org.eclipse.sisu.inject-0.9.0.M3.jar
2025-08-09 15:33:48,356 [Worker-139: Launching Executing clean in C__Users_docnd_OneDrive_Desktop_eCommerce_Bookstore] INFO  o.eclipse.m2e.core.internal.Bundles - 	Entry: C:\Eclipse\eclipse\plugins\org.eclipse.m2e.maven.runtime_3.9.900.20250220-2013\jars\org.eclipse.sisu.plexus-0.9.0.M3.jar
2025-08-09 15:33:48,356 [Worker-139: Launching Executing clean in C__Users_docnd_OneDrive_Desktop_eCommerce_Bookstore] INFO  o.eclipse.m2e.core.internal.Bundles - 	Entry: C:\Eclipse\eclipse\plugins\org.eclipse.m2e.maven.runtime_3.9.900.20250220-2013\jars\plexus-build-api-0.0.7.jar
2025-08-09 15:33:48,356 [Worker-139: Launching Executing clean in C__Users_docnd_OneDrive_Desktop_eCommerce_Bookstore] INFO  o.eclipse.m2e.core.internal.Bundles - 	Entry: C:\Eclipse\eclipse\plugins\org.eclipse.m2e.maven.runtime_3.9.900.20250220-2013\jars\plexus-build-api-1.2.0.jar
2025-08-09 15:33:48,356 [Worker-139: Launching Executing clean in C__Users_docnd_OneDrive_Desktop_eCommerce_Bookstore] INFO  o.eclipse.m2e.core.internal.Bundles - 	Entry: C:\Eclipse\eclipse\plugins\org.eclipse.m2e.maven.runtime_3.9.900.20250220-2013\jars\plexus-cipher-2.0.jar
2025-08-09 15:33:48,356 [Worker-139: Launching Executing clean in C__Users_docnd_OneDrive_Desktop_eCommerce_Bookstore] INFO  o.eclipse.m2e.core.internal.Bundles - 	Entry: C:\Eclipse\eclipse\plugins\org.eclipse.m2e.maven.runtime_3.9.900.20250220-2013\jars\plexus-classworlds-2.8.0.jar
2025-08-09 15:33:48,356 [Worker-139: Launching Executing clean in C__Users_docnd_OneDrive_Desktop_eCommerce_Bookstore] INFO  o.eclipse.m2e.core.internal.Bundles - 	Entry: C:\Eclipse\eclipse\plugins\org.eclipse.m2e.maven.runtime_3.9.900.20250220-2013\jars\plexus-component-annotations-2.1.0.jar
2025-08-09 15:33:48,356 [Worker-139: Launching Executing clean in C__Users_docnd_OneDrive_Desktop_eCommerce_Bookstore] INFO  o.eclipse.m2e.core.internal.Bundles - 	Entry: C:\Eclipse\eclipse\plugins\org.eclipse.m2e.maven.runtime_3.9.900.20250220-2013\jars\plexus-interpolation-1.27.jar
2025-08-09 15:33:48,356 [Worker-139: Launching Executing clean in C__Users_docnd_OneDrive_Desktop_eCommerce_Bookstore] INFO  o.eclipse.m2e.core.internal.Bundles - 	Entry: C:\Eclipse\eclipse\plugins\org.eclipse.m2e.maven.runtime_3.9.900.20250220-2013\jars\plexus-sec-dispatcher-2.0.jar
2025-08-09 15:33:48,356 [Worker-139: Launching Executing clean in C__Users_docnd_OneDrive_Desktop_eCommerce_Bookstore] INFO  o.eclipse.m2e.core.internal.Bundles - 	Entry: C:\Eclipse\eclipse\plugins\org.eclipse.m2e.maven.runtime_3.9.900.20250220-2013\jars\plexus-utils-3.5.1.jar
2025-08-09 15:33:48,356 [Worker-139: Launching Executing clean in C__Users_docnd_OneDrive_Desktop_eCommerce_Bookstore] INFO  o.eclipse.m2e.core.internal.Bundles - 	Entry: C:\Eclipse\eclipse\plugins\org.eclipse.m2e.maven.runtime_3.9.900.20250220-2013\jars\plexus-xml-3.0.1.jar
2025-08-09 15:33:48,356 [Worker-139: Launching Executing clean in C__Users_docnd_OneDrive_Desktop_eCommerce_Bookstore] INFO  o.eclipse.m2e.core.internal.Bundles - 	Entry: C:\Eclipse\eclipse\plugins\org.eclipse.m2e.maven.runtime_3.9.900.20250220-2013\jars\wagon-file-3.5.3.jar
2025-08-09 15:33:48,356 [Worker-139: Launching Executing clean in C__Users_docnd_OneDrive_Desktop_eCommerce_Bookstore] INFO  o.eclipse.m2e.core.internal.Bundles - 	Entry: C:\Eclipse\eclipse\plugins\org.eclipse.m2e.maven.runtime_3.9.900.20250220-2013\jars\wagon-http-3.5.3.jar
2025-08-09 15:33:48,356 [Worker-139: Launching Executing clean in C__Users_docnd_OneDrive_Desktop_eCommerce_Bookstore] INFO  o.eclipse.m2e.core.internal.Bundles - 	Entry: C:\Eclipse\eclipse\plugins\org.eclipse.m2e.maven.runtime_3.9.900.20250220-2013\jars\wagon-http-shared-3.5.3.jar
2025-08-09 15:33:48,357 [Worker-139: Launching Executing clean in C__Users_docnd_OneDrive_Desktop_eCommerce_Bookstore] INFO  o.eclipse.m2e.core.internal.Bundles - 	Entry: C:\Eclipse\eclipse\plugins\org.eclipse.m2e.maven.runtime_3.9.900.20250220-2013\jars\wagon-provider-api-3.5.3.jar
2025-08-09 15:33:48,357 [Worker-139: Launching Executing clean in C__Users_docnd_OneDrive_Desktop_eCommerce_Bookstore] INFO  o.eclipse.m2e.core.internal.Bundles - getClasspathEntries(Bundle=com.google.guava_33.4.8.jre [18])
2025-08-09 15:33:48,357 [Worker-139: Launching Executing clean in C__Users_docnd_OneDrive_Desktop_eCommerce_Bookstore] INFO  o.eclipse.m2e.core.internal.Bundles - 	Entry: C:\Eclipse\eclipse\plugins\com.google.guava_33.4.8.jre.jar
2025-08-09 15:33:48,357 [Worker-139: Launching Executing clean in C__Users_docnd_OneDrive_Desktop_eCommerce_Bookstore] INFO  o.eclipse.m2e.core.internal.Bundles - getClasspathEntries(Bundle=slf4j.api_2.0.17 [1006])
2025-08-09 15:33:48,357 [Worker-139: Launching Executing clean in C__Users_docnd_OneDrive_Desktop_eCommerce_Bookstore] INFO  o.eclipse.m2e.core.internal.Bundles - 	Entry: C:\Eclipse\eclipse\plugins\slf4j.api_2.0.17.jar
2025-08-09 15:33:48,357 [Worker-139: Launching Executing clean in C__Users_docnd_OneDrive_Desktop_eCommerce_Bookstore] INFO  o.eclipse.m2e.core.internal.Bundles - getClasspathEntries(Bundle=jakarta.inject.jakarta.inject-api_1.0.5 [35])
2025-08-09 15:33:48,357 [Worker-139: Launching Executing clean in C__Users_docnd_OneDrive_Desktop_eCommerce_Bookstore] INFO  o.eclipse.m2e.core.internal.Bundles - 	Entry: C:\Eclipse\eclipse\plugins\jakarta.inject.jakarta.inject-api_1.0.5.jar
2025-08-09 15:33:48,357 [Worker-139: Launching Executing clean in C__Users_docnd_OneDrive_Desktop_eCommerce_Bookstore] INFO  o.eclipse.m2e.core.internal.Bundles - getClasspathEntries(Bundle=javax.annotation_1.3.5.v20200909-1856 [45])
2025-08-09 15:33:48,357 [Worker-139: Launching Executing clean in C__Users_docnd_OneDrive_Desktop_eCommerce_Bookstore] INFO  o.eclipse.m2e.core.internal.Bundles - 	Entry: C:\Eclipse\eclipse\plugins\javax.annotation_1.3.5.v20200909-1856.jar
2025-08-09 15:33:48,357 [Worker-139: Launching Executing clean in C__Users_docnd_OneDrive_Desktop_eCommerce_Bookstore] INFO  o.eclipse.m2e.core.internal.Bundles - getClasspathEntries(Bundle=org.apache.commons.cli_1.9.0 [76])
2025-08-09 15:33:48,357 [Worker-139: Launching Executing clean in C__Users_docnd_OneDrive_Desktop_eCommerce_Bookstore] INFO  o.eclipse.m2e.core.internal.Bundles - 	Entry: C:\Eclipse\eclipse\plugins\org.apache.commons.cli_1.9.0.jar
2025-08-09 15:33:48,357 [Worker-139: Launching Executing clean in C__Users_docnd_OneDrive_Desktop_eCommerce_Bookstore] INFO  o.eclipse.m2e.core.internal.Bundles - getClasspathEntries(Bundle=org.apache.commons.commons-codec_1.16.0 [78])
2025-08-09 15:33:48,357 [Worker-139: Launching Executing clean in C__Users_docnd_OneDrive_Desktop_eCommerce_Bookstore] INFO  o.eclipse.m2e.core.internal.Bundles - 	Entry: C:\Eclipse\eclipse\plugins\org.apache.commons.commons-codec_1.16.0.jar
2025-08-09 15:33:48,357 [Worker-139: Launching Executing clean in C__Users_docnd_OneDrive_Desktop_eCommerce_Bookstore] INFO  o.eclipse.m2e.core.internal.Bundles - getClasspathEntries(Bundle=com.google.guava.failureaccess_1.0.3 [19])
2025-08-09 15:33:48,357 [Worker-139: Launching Executing clean in C__Users_docnd_OneDrive_Desktop_eCommerce_Bookstore] INFO  o.eclipse.m2e.core.internal.Bundles - 	Entry: C:\Eclipse\eclipse\plugins\com.google.guava.failureaccess_1.0.3.jar
2025-08-09 15:33:48,359 [Worker-139: Launching Executing clean in C__Users_docnd_OneDrive_Desktop_eCommerce_Bookstore] INFO  o.e.m.i.launch.MavenLaunchDelegate - Run build in "C:\Users\docnd\OneDrive\Desktop\eCommerce\Bookstore":
2025-08-09 15:33:48,359 [Worker-139: Launching Executing clean in C__Users_docnd_OneDrive_Desktop_eCommerce_Bookstore] INFO  o.e.m.i.launch.MavenLaunchDelegate -  mvn  -B -Dstyle.color=always clean
2025-08-09 15:33:50,320 [Worker-141: Building] INFO  o.a.m.s.f.DefaultMavenResourcesFiltering - Copying 1 resource from src\main\resources to target\classes
2025-08-09 15:33:50,322 [Worker-141: Building] INFO  o.a.m.s.f.DefaultMavenResourcesFiltering - Copying 37 resources from src\main\resources to target\classes
2025-08-09 15:33:50,371 [Worker-141: Building] INFO  o.a.m.s.f.DefaultMavenResourcesFiltering - skip non existing resourceDirectory C:\Users\docnd\OneDrive\Desktop\eCommerce\Bookstore\src\test\resources
2025-08-09 15:34:12,645 [main] INFO  o.e.m2e.actions.ExecutePomAction - Creating new launch configuration
2025-08-09 15:34:55,666 [main] INFO  o.e.m2e.actions.ExecutePomAction - Creating new launch configuration
